make all --print-data-base --no-builtin-variables --no-builtin-rules --question
# GNU Make 3.81
# Copyright (C) 2006  Free Software Foundation, Inc.
# This is free software; see the source for copying conditions.
# There is NO warranty; not even for MERCHANTABILITY or FITNESS FOR A
# PARTICULAR PURPOSE.

# This program built for i386-apple-darwin11.3.0

# Make data base, printed on Wed May 24 00:09:33 2023

# Variables

# makefile (from `Makefile', line 1)
READLINE_DIR = /Users/aahlyel/homebrew/opt/readline
# automatic
<D = $(patsubst %/,%,$(dir $<))
# automatic
?F = $(notdir $?)
# makefile (from `Makefile', line 31)
OBJ = $(patsubst %.c, obj/%.o , $(SRC))
# environment
VSCODE_CRASH_REPORTER_PROCESS_TYPE = extensionHost
# makefile (from `Makefile', line 4)
SRC = src/minishell.c src/execute_line.c src/wild_cards.c src/read_line.c src/free_line.c src/destructors.c src/cd.c src/expand_line.c src/pwd.c src/export.c src/tt_unset.c src/tools.c src/tools2.c src/getters_setters.c src/expender.c src/complete_line.c src/constructors.c src/echo.c src/controll_line.c src/parsing_tools/parsing_tools.c src/parsing_tools/ft_split_char.c src/parsing/and_parser.c src/parsing/builtins_parser.c src/parsing/cmds_parser.c src/parsing/executable_parser.c src/parsing/or_parser.c src/parsing/parenthisise_controll.c src/parsing/parsing_tools.c src/parsing/pipe_parser.c src/parsing/parse_line.c src/parsing/redirections_parser_tools.c src/parsing/redirections_parser.c src/executer/and_executer.c src/executer/cmd_executer.c src/executer/or_executer.c src/executer/pipe_executer.c src/executer/redir_executer.c src/executer/builtin_executer.c src/tokenizer/arguments_controll.c src/tokenizer/get_arguments.c src/tokenizer/variables_controll.c src/tokenizer/ft_split_str_to_args.c src/tokenizer/translate_arguments.c
# automatic
?D = $(patsubst %/,%,$(dir $?))
# makefile (from `Makefile', line 41)
INCLUDES = -I${READLINE_DIR}/include
# automatic
@D = $(patsubst %/,%,$(dir $@))
# automatic
@F = $(notdir $@)
# makefile
CURDIR := /Users/aahlyel/Desktop/Mini_Shell
# makefile
SHELL = /bin/sh
# environment
VSCODE_NLS_CONFIG = {"locale":"en-us","osLocale":"en","availableLanguages":{},"_languagePackSupport":true}
# environment
_ = /usr/bin/make
# makefile (from `Makefile', line 38)
CFLAGS = -fsanitize=address
# makefile (from `Makefile', line 1)
MAKEFILE_LIST :=  Makefile
# makefile (from `Makefile', line 29)
OBJ_DIR = obj
# environment
P9K_SSH = 0
# environment
VSCODE_CWD = /
# environment
PATH = /usr/local/bin:/usr/bin:/bin:/usr/sbin:/sbin:/usr/local/munki:/Library/Apple/usr/bin
# environment
LSCOLORS = Gxfxcxdxbxegedabagacad
# makefile (from `Makefile', line 37)
BIN_DIR = bin/
# environment
LaunchInstanceID = 58ED1F6C-0617-48C2-BDCC-8DB15EFD574D
# environment
ELECTRON_RUN_AS_NODE = 1
# default
.FEATURES := target-specific order-only second-expansion else-if archives jobserver check-symlink
# environment
LS_COLORS = di=1;36:ln=35:so=32:pi=33:ex=31:bd=34;46:cd=34;43:su=30;41:sg=30;46:tw=30;42:ow=30;43
# environment
SSH_AUTH_SOCK = /private/tmp/com.apple.launchd.pLvIcILYKB/Listeners
# automatic
%F = $(notdir $%)
# environment
PWD = /Users/aahlyel/Desktop/Mini_Shell
# environment
ORIGINAL_XDG_CURRENT_DESKTOP = undefined
# environment
VSCODE_AMD_ENTRYPOINT = vs/workbench/api/node/extensionHostProcess
# environment
HOME = /Users/aahlyel
# default
MAKEFILEPATH := /Applications/Xcode.app/Contents/Developer/Makefiles
# environment
VSCODE_CODE_CACHE_PATH = /Users/aahlyel/Library/Application Support/Code/CachedData/b3e4e68a0bc097f0ae7907b217c1119af9e03435
# environment
LOGNAME = aahlyel
# environment
APPLICATION_INSIGHTS_NO_DIAGNOSTIC_CHANNEL = 1
# makefile (from `Makefile', line 25)
HEADERS = include/minishell.h  include/dictionary.h  include/parsing.h  include/execute.h
# environment
ZSH = /Users/aahlyel/.oh-my-zsh
# environment
VSCODE_HANDLES_UNCAUGHT_ERRORS = true
# automatic
^D = $(patsubst %/,%,$(dir $^))
# environment
XPC_FLAGS = 0x0
# default
MAKE = $(MAKE_COMMAND)
# default
MAKECMDGOALS := all
# environment
SHLVL = 1
# makefile (from `Makefile', line 27)
CC = cc
# environment
VSCODE_CRASH_REPORTER_SANDBOXED_HINT = 1
# default
MAKE_VERSION := 3.81
# environment
USER = aahlyel
# makefile
.DEFAULT_GOAL := all
# makefile (from `Makefile', line 43)
NAME = minishell
# environment
LESS = -R
# automatic
%D = $(patsubst %/,%,$(dir $%))
# default
MAKE_COMMAND := /Applications/Xcode.app/Contents/Developer/usr/bin/make
# makefile (from `Makefile', line 34)
NC = '\e[0m'
# default
.VARIABLES := 
# environment
TMPDIR = /var/folders/zz/zyxvpxvq6csfxvn_n000cg380033rt/T/
# automatic
*F = $(notdir $*)
# environment
VSCODE_IPC_HOOK = /Users/aahlyel/Library/Application Support/Code/1.78-main.sock
# environment
MallocNanoZone = 0
# makefile
MAKEFLAGS = Rrqp
# environment
MFLAGS = -Rrqp
# automatic
*D = $(patsubst %/,%,$(dir $*))
# environment
XPC_SERVICE_NAME = com.apple.xpc.launchd.oneshot.0x10000002.Electron
# automatic
+D = $(patsubst %/,%,$(dir $+))
# makefile (from `Makefile', line 35)
HBLU = '\e[1;94m'
# automatic
+F = $(notdir $+)
# environment
__CF_USER_TEXT_ENCODING = 0x18F1A:0x0:0x0
# environment
COMMAND_MODE = unix2003
# default
MAKEFILES := 
# automatic
<F = $(notdir $<)
# environment
PAGER = less
# environment
LC_ALL = C
# makefile (from `Makefile', line 40)
LIBRARIES = -L${READLINE_DIR}/lib -lreadline -I includes -I ${READLINE_DIR}/include
# environment
SECURITYSESSIONID = 186a6
# automatic
^F = $(notdir $^)
# default
SUFFIXES := 
# default
.INCLUDE_DIRS = /usr/local/include
# environment
MAKELEVEL := 0
# environment
LANG = C
# environment
VSCODE_PID = 73248
# variable set hash-table stats:
# Load=80/1024=8%, Rehash=0, Collisions=5/112=4%

# Pattern-specific Variable Values

# No pattern-specific variable values.

# Directories

# include (device 16777228, inode 4516172): 6 files, no impossibilities so far.
# . (device 16777228, inode 4516101): 13 files, no impossibilities.
# src/parsing_tools (device 16777228, inode 4516249): 4 files, no impossibilities so far.
# src/executer (device 16777228, inode 4630354): 8 files, no impossibilities so far.
# src (device 16777228, inode 4516227): 26 files, no impossibilities so far.
# src/parsing (device 16777228, inode 4771056): 13 files, no impossibilities so far.
# src/tokenizer (device 16777228, inode 4770939): 7 files, no impossibilities so far.

# 77 files, no impossibilities in 7 directories.

# Implicit Rules

obj/%.o: %.c include/minishell.h  include/dictionary.h  include/parsing.h  include/execute.h
#  commands to execute (from `Makefile', line 52):
	mkdir -p $(dir $@)
	printf ${HBLU}"[%-37s] ðŸ• \r"$(NC) "Compiling $(notdir $@)"
	$(CC) -g $(CFLAGS) ${INCLUDES} -c $< -o $@
	

# 1 implicit rules, 0 (0.0%) terminal.

# Files

# Not a target:
src/parsing/cmds_parser.c:
#  Implicit rule search has been done.
#  Last modified 2023-05-22 11:43:19
#  File has been updated.
#  Successfully updated.
# variable set hash-table stats:
# Load=0/32=0%, Rehash=0, Collisions=0/0=0%

# Not a target:
src/expand_line.c:
#  Implicit rule search has been done.
#  Last modified 2023-05-23 22:39:37
#  File has been updated.
#  Successfully updated.
# variable set hash-table stats:
# Load=0/32=0%, Rehash=0, Collisions=0/0=0%

# Not a target:
src/parsing_tools/ft_split_char.c:
#  Implicit rule search has been done.
#  Last modified 2023-05-04 16:29:24
#  File has been updated.
#  Successfully updated.
# variable set hash-table stats:
# Load=0/32=0%, Rehash=0, Collisions=0/0=0%

# Not a target:
src/parsing_tools/parsing_tools.c:
#  Implicit rule search has been done.
#  Last modified 2023-05-17 22:39:45
#  File has been updated.
#  Successfully updated.
# variable set hash-table stats:
# Load=0/32=0%, Rehash=0, Collisions=0/0=0%

# Not a target:
src/parsing/parse_line.c:
#  Implicit rule search has been done.
#  Last modified 2023-05-22 12:02:43
#  File has been updated.
#  Successfully updated.
# variable set hash-table stats:
# Load=0/32=0%, Rehash=0, Collisions=0/0=0%

obj/src/parsing/or_parser.o: src/parsing/or_parser.c include/minishell.h include/dictionary.h include/parsing.h include/execute.h
#  Implicit rule search has been done.
#  Implicit/static pattern stem: `src/parsing/or_parser'
#  Last modified 2023-05-24 00:01:44
 
#  File has been updated.
#  Successfully updated.
# variable set hash-table stats:
# Load=0/32=0%, Rehash=0, Collisions=0/0=0%
#  commands to execute (from `Makefile', line 52):
	mkdir -p $(dir $@)
	printf ${HBLU}"[%-37s] ðŸ• \r"$(NC) "Compiling $(notdir $@)"
	$(CC) -g $(CFLAGS) ${INCLUDES} -c $< -o $@
	

# Not a target:
src/execute_line.c:
#  Implicit rule search has been done.
#  Last modified 2023-05-23 23:16:58
#  File has been updated.
#  Successfully updated.
# variable set hash-table stats:
# Load=0/32=0%, Rehash=0, Collisions=0/0=0%

# Not a target:
src/destructors.c:
#  Implicit rule search has been done.
#  Last modified 2023-05-22 12:44:00
#  File has been updated.
#  Successfully updated.
# variable set hash-table stats:
# Load=0/32=0%, Rehash=0, Collisions=0/0=0%

obj/src/constructors.o: src/constructors.c include/minishell.h include/dictionary.h include/parsing.h include/execute.h
#  Implicit rule search has been done.
#  Implicit/static pattern stem: `src/constructors'
#  Last modified 2023-05-24 00:01:43
#  File has been updated.
#  Successfully updated.
# variable set hash-table stats:
# Load=0/32=0%, Rehash=0, Collisions=0/0=0%
#  commands to execute (from `Makefile', line 52):
	mkdir -p $(dir $@)
	printf ${HBLU}"[%-37s] ðŸ• \r"$(NC) "Compiling $(notdir $@)"
	$(CC) -g $(CFLAGS) ${INCLUDES} -c $< -o $@
	

obj/src/parsing/redirections_parser.o: src/parsing/redirections_parser.c include/minishell.h include/dictionary.h include/parsing.h include/execute.h
#  Implicit rule search has been done.
#  Implicit/static pattern stem: `src/parsing/redirections_parser'
#  Last modified 2023-05-24 00:01:44
#  File has been updated.
#  Successfully updated.
# variable set hash-table stats:
# Load=0/32=0%, Rehash=0, Collisions=0/0=0%
#  commands to execute (from `Makefile', line 52):
	mkdir -p $(dir $@)
	printf ${HBLU}"[%-37s] ðŸ• \r"$(NC) "Compiling $(notdir $@)"
	$(CC) -g $(CFLAGS) ${INCLUDES} -c $< -o $@
	

all: minishell
#  Phony target (prerequisite of .PHONY).
#  Command-line target.
#  Implicit rule search has not been done.
#  File does not exist.
#  File has been updated.
#  Successfully updated.
# variable set hash-table stats:
# Load=0/32=0%, Rehash=0, Collisions=0/0=0%

# Not a target:
include/minishell.h:
#  Implicit rule search has been done.
#  Last modified 2023-05-22 18:58:27
#  File has been updated.
#  Successfully updated.
# variable set hash-table stats:
# Load=0/32=0%, Rehash=0, Collisions=0/0=0%

# Not a target:
src/minishell.c:
#  Implicit rule search has been done.
#  Last modified 2023-05-22 09:44:52
#  File has been updated.
#  Successfully updated.
# variable set hash-table stats:
# Load=0/32=0%, Rehash=0, Collisions=0/0=0%

# Not a target:
src/executer/or_executer.c:
#  Implicit rule search has been done.
#  Last modified 2023-05-23 23:09:35
#  File has been updated.
#  Successfully updated.
# variable set hash-table stats:
# Load=0/32=0%, Rehash=0, Collisions=0/0=0%

.PHONY: all re fclean clean
#  Implicit rule search has not been done.
#  Modification time never checked.
#  File has not been updated.

obj/src/read_line.o: src/read_line.c include/minishell.h include/dictionary.h include/parsing.h include/execute.h
#  Implicit rule search has been done.
#  Implicit/static pattern stem: `src/read_line'
#  Last modified 2023-05-24 00:01:42
#  File has been updated.
#  Successfully updated.
# variable set hash-table stats:
# Load=0/32=0%, Rehash=0, Collisions=0/0=0%
#  commands to execute (from `Makefile', line 52):
	mkdir -p $(dir $@)
	printf ${HBLU}"[%-37s] ðŸ• \r"$(NC) "Compiling $(notdir $@)"
	$(CC) -g $(CFLAGS) ${INCLUDES} -c $< -o $@
	

# Not a target:
src/parsing/parenthisise_controll.c:
#  Implicit rule search has been done.
#  Last modified 2023-05-22 17:22:31
#  File has been updated.
#  Successfully updated.
# variable set hash-table stats:
# Load=0/32=0%, Rehash=0, Collisions=0/0=0%

obj/src/pwd.o: src/pwd.c include/minishell.h include/dictionary.h include/parsing.h include/execute.h
#  Implicit rule search has been done.
#  Implicit/static pattern stem: `src/pwd'
#  Last modified 2023-05-24 00:01:43
#  File has been updated.
#  Successfully updated.
# variable set hash-table stats:
# Load=0/32=0%, Rehash=0, Collisions=0/0=0%
#  commands to execute (from `Makefile', line 52):
	mkdir -p $(dir $@)
	printf ${HBLU}"[%-37s] ðŸ• \r"$(NC) "Compiling $(notdir $@)"
	$(CC) -g $(CFLAGS) ${INCLUDES} -c $< -o $@
	

obj/src/cd.o: src/cd.c include/minishell.h include/dictionary.h include/parsing.h include/execute.h
#  Implicit rule search has been done.
#  Implicit/static pattern stem: `src/cd'
#  Last modified 2023-05-24 00:01:42
#  File has been updated.
#  Successfully updated.
# variable set hash-table stats:
# Load=0/32=0%, Rehash=0, Collisions=0/0=0%
#  commands to execute (from `Makefile', line 52):
	mkdir -p $(dir $@)
	printf ${HBLU}"[%-37s] ðŸ• \r"$(NC) "Compiling $(notdir $@)"
	$(CC) -g $(CFLAGS) ${INCLUDES} -c $< -o $@
	

obj/src/wild_cards.o: src/wild_cards.c include/minishell.h include/dictionary.h include/parsing.h include/execute.h
#  Implicit rule search has been done.
#  Implicit/static pattern stem: `src/wild_cards'
#  Last modified 2023-05-24 00:01:42
#  File has been updated.
#  Successfully updated.
# variable set hash-table stats:
# Load=0/32=0%, Rehash=0, Collisions=0/0=0%
#  commands to execute (from `Makefile', line 52):
	mkdir -p $(dir $@)
	printf ${HBLU}"[%-37s] ðŸ• \r"$(NC) "Compiling $(notdir $@)"
	$(CC) -g $(CFLAGS) ${INCLUDES} -c $< -o $@
	

# Not a target:
src/tokenizer/ft_split_str_to_args.c:
#  Implicit rule search has been done.
#  Last modified 2023-05-22 19:07:49
#  File has been updated.
#  Successfully updated.
# variable set hash-table stats:
# Load=0/32=0%, Rehash=0, Collisions=0/0=0%

obj/src/executer/cmd_executer.o: src/executer/cmd_executer.c include/minishell.h include/dictionary.h include/parsing.h include/execute.h
#  Implicit rule search has been done.
#  Implicit/static pattern stem: `src/executer/cmd_executer'
#  Last modified 2023-05-24 00:01:45
#  File has been updated.
#  Successfully updated.
# variable set hash-table stats:
# Load=0/32=0%, Rehash=0, Collisions=0/0=0%
#  commands to execute (from `Makefile', line 52):
	mkdir -p $(dir $@)
	printf ${HBLU}"[%-37s] ðŸ• \r"$(NC) "Compiling $(notdir $@)"
	$(CC) -g $(CFLAGS) ${INCLUDES} -c $< -o $@
	

obj/src/tokenizer/translate_arguments.o: src/tokenizer/translate_arguments.c include/minishell.h include/dictionary.h include/parsing.h include/execute.h
#  Implicit rule search has been done.
#  Implicit/static pattern stem: `src/tokenizer/translate_arguments'
#  Last modified 2023-05-24 00:07:15
#  File has been updated.
#  Successfully updated.
# variable set hash-table stats:
# Load=0/32=0%, Rehash=0, Collisions=0/0=0%
#  commands to execute (from `Makefile', line 52):
	mkdir -p $(dir $@)
	printf ${HBLU}"[%-37s] ðŸ• \r"$(NC) "Compiling $(notdir $@)"
	$(CC) -g $(CFLAGS) ${INCLUDES} -c $< -o $@
	

obj/src/controll_line.o: src/controll_line.c include/minishell.h include/dictionary.h include/parsing.h include/execute.h
#  Implicit rule search has been done.
#  Implicit/static pattern stem: `src/controll_line'
#  Last modified 2023-05-24 00:01:43
#  File has been updated.
#  Successfully updated.
# variable set hash-table stats:
# Load=0/32=0%, Rehash=0, Collisions=0/0=0%
#  commands to execute (from `Makefile', line 52):
	mkdir -p $(dir $@)
	printf ${HBLU}"[%-37s] ðŸ• \r"$(NC) "Compiling $(notdir $@)"
	$(CC) -g $(CFLAGS) ${INCLUDES} -c $< -o $@
	

obj/src/parsing/pipe_parser.o: src/parsing/pipe_parser.c include/minishell.h include/dictionary.h include/parsing.h include/execute.h
#  Implicit rule search has been done.
#  Implicit/static pattern stem: `src/parsing/pipe_parser'
#  Last modified 2023-05-24 00:01:44
#  File has been updated.
#  Successfully updated.
# variable set hash-table stats:
# Load=0/32=0%, Rehash=0, Collisions=0/0=0%
#  commands to execute (from `Makefile', line 52):
	mkdir -p $(dir $@)
	printf ${HBLU}"[%-37s] ðŸ• \r"$(NC) "Compiling $(notdir $@)"
	$(CC) -g $(CFLAGS) ${INCLUDES} -c $< -o $@
	

# Not a target:
src/tools2.c:
#  Implicit rule search has been done.
 
#  Last modified 2023-05-14 11:10:22
#  File has been updated.
#  Successfully updated.
# variable set hash-table stats:
# Load=0/32=0%, Rehash=0, Collisions=0/0=0%

obj/src/echo.o: src/echo.c include/minishell.h include/dictionary.h include/parsing.h include/execute.h
#  Implicit rule search has been done.
#  Implicit/static pattern stem: `src/echo'
#  Last modified 2023-05-24 00:01:43
#  File has been updated.
#  Successfully updated.
# variable set hash-table stats:
# Load=0/32=0%, Rehash=0, Collisions=0/0=0%
#  commands to execute (from `Makefile', line 52):
	mkdir -p $(dir $@)
	printf ${HBLU}"[%-37s] ðŸ• \r"$(NC) "Compiling $(notdir $@)"
	$(CC) -g $(CFLAGS) ${INCLUDES} -c $< -o $@
	

# Not a target:
.SUFFIXES:
#  Implicit rule search has not been done.
#  Modification time never checked.
#  File has not been updated.

obj/src/executer/pipe_executer.o: src/executer/pipe_executer.c include/minishell.h include/dictionary.h include/parsing.h include/execute.h
#  Implicit rule search has been done.
#  Implicit/static pattern stem: `src/executer/pipe_executer'
#  Last modified 2023-05-24 00:01:45
#  File has been updated.
#  Successfully updated.
# variable set hash-table stats:
# Load=0/32=0%, Rehash=0, Collisions=0/0=0%
#  commands to execute (from `Makefile', line 52):
	mkdir -p $(dir $@)
	printf ${HBLU}"[%-37s] ðŸ• \r"$(NC) "Compiling $(notdir $@)"
	$(CC) -g $(CFLAGS) ${INCLUDES} -c $< -o $@
	

obj/src/tokenizer/get_arguments.o: src/tokenizer/get_arguments.c include/minishell.h include/dictionary.h include/parsing.h include/execute.h
#  Implicit rule search has been done.
#  Implicit/static pattern stem: `src/tokenizer/get_arguments'
#  Last modified 2023-05-24 00:01:45
#  File has been updated.
#  Successfully updated.
# variable set hash-table stats:
# Load=0/32=0%, Rehash=0, Collisions=0/0=0%
#  commands to execute (from `Makefile', line 52):
	mkdir -p $(dir $@)
	printf ${HBLU}"[%-37s] ðŸ• \r"$(NC) "Compiling $(notdir $@)"
	$(CC) -g $(CFLAGS) ${INCLUDES} -c $< -o $@
	

obj/src/tools2.o: src/tools2.c include/minishell.h include/dictionary.h include/parsing.h include/execute.h
#  Implicit rule search has been done.
#  Implicit/static pattern stem: `src/tools2'
#  Last modified 2023-05-24 00:01:43
#  File has been updated.
#  Successfully updated.
# variable set hash-table stats:
# Load=0/32=0%, Rehash=0, Collisions=0/0=0%
#  commands to execute (from `Makefile', line 52):
	mkdir -p $(dir $@)
	printf ${HBLU}"[%-37s] ðŸ• \r"$(NC) "Compiling $(notdir $@)"
	$(CC) -g $(CFLAGS) ${INCLUDES} -c $< -o $@
	

# Not a target:
Makefile:
#  Implicit rule search has been done.
#  Last modified 2023-05-24 00:01:41
#  File has been updated.
#  Successfully updated.
# variable set hash-table stats:
# Load=0/32=0%, Rehash=0, Collisions=0/0=0%

# Not a target:
src/complete_line.c:
#  Implicit rule search has been done.
#  Last modified 2023-05-22 19:12:57
#  File has been updated.
#  Successfully updated.
# variable set hash-table stats:
# Load=0/32=0%, Rehash=0, Collisions=0/0=0%

# Not a target:
src/free_line.c:
#  Implicit rule search has been done.
#  Last modified 2023-05-21 23:01:54
#  File has been updated.
#  Successfully updated.
# variable set hash-table stats:
# Load=0/32=0%, Rehash=0, Collisions=0/0=0%

# Not a target:
src/tokenizer/variables_controll.c:
#  Implicit rule search has been done.
#  Last modified 2023-05-22 15:01:08
#  File has been updated.
#  Successfully updated.
# variable set hash-table stats:
# Load=0/32=0%, Rehash=0, Collisions=0/0=0%

obj/src/export.o: src/export.c include/minishell.h include/dictionary.h include/parsing.h include/execute.h
#  Implicit rule search has been done.
#  Implicit/static pattern stem: `src/export'
#  Last modified 2023-05-24 00:01:43
#  File has been updated.
#  Successfully updated.
# variable set hash-table stats:
# Load=0/32=0%, Rehash=0, Collisions=0/0=0%
#  commands to execute (from `Makefile', line 52):
	mkdir -p $(dir $@)
	printf ${HBLU}"[%-37s] ðŸ• \r"$(NC) "Compiling $(notdir $@)"
	$(CC) -g $(CFLAGS) ${INCLUDES} -c $< -o $@
	

# Not a target:
src/parsing/executable_parser.c:
#  Implicit rule search has been done.
#  Last modified 2023-05-22 12:03:32
#  File has been updated.
#  Successfully updated.
# variable set hash-table stats:
# Load=0/32=0%, Rehash=0, Collisions=0/0=0%

# Not a target:
src/tt_unset.c:
#  Implicit rule search has been done.
#  Last modified 2023-05-17 22:39:00
#  File has been updated.
#  Successfully updated.
# variable set hash-table stats:
# Load=0/32=0%, Rehash=0, Collisions=0/0=0%

# Not a target:
src/expender.c:
#  Implicit rule search has been done.
#  Last modified 2023-05-17 22:39:00
#  File has been updated.
#  Successfully updated.
# variable set hash-table stats:
# Load=0/32=0%, Rehash=0, Collisions=0/0=0%

# Not a target:
src/tools.c:
#  Implicit rule search has been done.
#  Last modified 2023-05-17 13:23:45
#  File has been updated.
#  Successfully updated.
# variable set hash-table stats:
# Load=0/32=0%, Rehash=0, Collisions=0/0=0%

# Not a target:
src/parsing/parsing_tools.c:
#  Implicit rule search has been done.
#  Last modified 2023-05-21 00:39:15
#  File has been updated.
#  Successfully updated.
# variable set hash-table stats:
# Load=0/32=0%, Rehash=0, Collisions=0/0=0%

obj/src/parsing/and_parser.o: src/parsing/and_parser.c include/minishell.h include/dictionary.h include/parsing.h include/execute.h
#  Implicit rule search has been done.
#  Implicit/static pattern stem: `src/parsing/and_parser'
#  Last modified 2023-05-24 00:01:44
#  File has been updated.
#  Successfully updated.
# variable set hash-table stats:
# Load=0/32=0%, Rehash=0, Collisions=0/0=0%
#  commands to execute (from `Makefile', line 52):
	mkdir -p $(dir $@)
	printf ${HBLU}"[%-37s] ðŸ• \r"$(NC) "Compiling $(notdir $@)"
	$(CC) -g $(CFLAGS) ${INCLUDES} -c $< -o $@
	

obj/src/tokenizer/arguments_controll.o: src/tokenizer/arguments_controll.c include/minishell.h include/dictionary.h include/parsing.h include/execute.h
#  Implicit rule search has been done.
#  Implicit/static pattern stem: `src/tokenizer/arguments_controll'
#  Last modified 2023-05-24 00:01:45
#  File has been updated.
#  Successfully updated.
# variable set hash-table stats:
# Load=0/32=0%, Rehash=0, Collisions=0/0=0%
#  commands to execute (from `Makefile', line 52):
	mkdir -p $(dir $@)
	printf ${HBLU}"[%-37s] ðŸ• \r"$(NC) "Compiling $(notdir $@)"
	$(CC) -g $(CFLAGS) ${INCLUDES} -c $< -o $@
	

obj/src/parsing/redirections_parser_tools.o: src/parsing/redirections_parser_tools.c include/minishell.h include/dictionary.h include/parsing.h include/execute.h
#  Implicit rule search has been done.
#  Implicit/static pattern stem: `src/parsing/redirections_parser_tools'
#  Last modified 2023-05-24 00:01:44
#  File has been updated.
#  Successfully updated.
# variable set hash-table stats:
# Load=0/32=0%, Rehash=0, Collisions=0/0=0%
#  commands to execute (from `Makefile', line 52):
	mkdir -p $(dir $@)
	printf ${HBLU}"[%-37s] ðŸ• \r"$(NC) "Compiling $(notdir $@)"
	$(CC) -g $(CFLAGS) ${INCLUDES} -c $< -o $@
	

minishell: obj/src/minishell.o obj/src/execute_line.o obj/src/wild_cards.o obj/src/read_line.o obj/src/free_line.o obj/src/destructors.o obj/src/cd.o obj/src/expand_line.o obj/src/pwd.o obj/src/export.o obj/src/tt_unset.o obj/src/tools.o obj/src/tools2.o obj/src/getters_setters.o obj/src/expender.o obj/src/complete_line.o obj/src/constructors.o obj/src/echo.o obj/src/controll_line.o obj/src/parsing_tools/parsing_tools.o obj/src/parsing_tools/ft_split_char.o obj/src/parsing/and_parser.o obj/src/parsing/builtins_parser.o obj/src/parsing/cmds_parser.o obj/src/parsing/executable_parser.o obj/src/parsing/or_parser.o obj/src/parsing/parenthisise_controll.o obj/src/parsing/parsing_tools.o obj/src/parsing/pipe_parser.o obj/src/parsing/parse_line.o obj/src/parsing/redirections_parser_tools.o obj/src/parsing/redirections_parser.o obj/src/executer/and_executer.o obj/src/executer/cmd_executer.o obj/src/executer/or_executer.o obj/src/executer/pipe_executer.o obj/src/executer/redir_executer.o obj/src/executer/builtin_execu 
ter.o obj/src/tokenizer/arguments_controll.o obj/src/tokenizer/get_arguments.o obj/src/tokenizer/variables_controll.o obj/src/tokenizer/ft_split_str_to_args.o obj/src/tokenizer/translate_arguments.o
#  Implicit rule search has not been done.
#  Last modified 2023-05-24 00:07:15
#  File has been updated.
#  Successfully updated.
# variable set hash-table stats:
# Load=0/32=0%, Rehash=0, Collisions=0/0=0%
#  commands to execute (from `Makefile', line 48):
	make -C lib/libft
	cc -g ${CFLAGS} ${LIBRARIES} ${OBJ} lib/libft/bin/libft.a -o ${NAME}
	

# Not a target:
src/executer/redir_executer.c:
#  Implicit rule search has been done.
#  Last modified 2023-05-23 23:09:35
#  File has been updated.
#  Successfully updated.
# variable set hash-table stats:
# Load=0/32=0%, Rehash=0, Collisions=0/0=0%

# Not a target:
src/parsing/builtins_parser.c:
#  Implicit rule search has been done.
#  Last modified 2023-05-22 19:31:12
#  File has been updated.
#  Successfully updated.
# variable set hash-table stats:
# Load=0/32=0%, Rehash=0, Collisions=0/0=0%

obj/src/parsing/cmds_parser.o: src/parsing/cmds_parser.c include/minishell.h include/dictionary.h include/parsing.h include/execute.h
#  Implicit rule search has been done.
#  Implicit/static pattern stem: `src/parsing/cmds_parser'
#  Last modified 2023-05-24 00:01:44
#  File has been updated.
#  Successfully updated.
# variable set hash-table stats:
# Load=0/32=0%, Rehash=0, Collisions=0/0=0%
#  commands to execute (from `Makefile', line 52):
	mkdir -p $(dir $@)
	printf ${HBLU}"[%-37s] ðŸ• \r"$(NC) "Compiling $(notdir $@)"
	$(CC) -g $(CFLAGS) ${INCLUDES} -c $< -o $@
	

obj/src/expand_line.o: src/expand_line.c include/minishell.h include/dictionary.h include/parsing.h include/execute.h
#  Implicit rule search has been done.
#  Implicit/static pattern stem: `src/expand_line'
#  Last modified 2023-05-24 00:01:43
#  File has been updated.
#  Successfully updated.
# variable set hash-table stats:
# Load=0/32=0%, Rehash=0, Collisions=0/0=0%
#  commands to execute (from `Makefile', line 52):
	mkdir -p $(dir $@)
	printf ${HBLU}"[%-37s] ðŸ• \r"$(NC) "Compiling $(notdir $@)"
	$(CC) -g $(CFLAGS) ${INCLUDES} -c $< -o $@
	

obj/src/parsing_tools/ft_split_char.o: src/parsing_tools/ft_split_char.c include/minishell.h include/dictionary.h include/parsing.h include/execute.h
#  Implicit rule search has been done.
#  Implicit/static pattern stem: `src/parsing_tools/ft_split_char'
#  Last modified 2023-05-24 00:01:44
#  File has been updated.
#  Successfully updated.
# variable set hash-table stats:
# Load=0/32=0%, Rehash=0, Collisions=0/0=0%
#  commands to execute (from `Makefile', line 52):
	mkdir -p $(dir $@)
	printf ${HBLU}"[%-37s] ðŸ• \r"$(NC) "Compiling $(notdir $@)"
	$(CC) -g $(CFLAGS) ${INCLUDES} -c $< -o $@
	

obj/src/parsing_tools/parsing_tools.o: src/parsing_tools/parsing_tools.c include/minishell.h include/dictionary.h include/parsing.h include/execute.h
#  Implicit rule search has been done.
#  Implicit/static pattern stem: `src/parsing_tools/parsing_tools'
#  Last modified 2023-05-24 00:01:44
#  File has been updated.
#  Successfully updated.
# variable set hash-table stats:
# Load=0/32=0%, Rehash=0, Collisions=0/0=0%
#  commands to execute (from `Makefile', line 52):
	mkdir -p $(dir $@)
	printf ${HBLU}"[%-37s] ðŸ• \r"$(NC) "Compiling $(notdir $@)"
	$(CC) -g $(CFLAGS) ${INCLUDES} -c $< -o $@
	

fclean: clean
#  Phony target (prerequisite of .PHONY).
#  Implicit rule search has not been done.
#  File does not exist.
#  File has not been updated.
#  commands to execute (from `Makefile', line 61):
	make fclean -C lib/libft
	rm -rf ${NAME} ${BIN_DIR}
	

# Not a target:
include/dictionary.h:
#  Implicit rule search has been done.
#  Last modified 2023-05-23 22:17:25
#  File has been updated.
#  Successfully updated.
# variable set hash-table stats:
# Load=0/32=0%, Rehash=0, Collisions=0/0=0%

obj/src/execute_line.o: src/execute_line.c include/minishell.h include/dictionary.h include/parsing.h include/execute.h
#  Implicit rule search has been done.
#  Implicit/static pattern stem: `src/execute_line'
#  Last modified 2023-05-24 00:01:42
#  File has been updated.
#  Successfully updated.
# variable set hash-table stats:
# Load=0/32=0%, Rehash=0, Collisions=0/0=0%
#  commands to execute (from `Makefile', line 52):
	mkdir -p $(dir $@)
	printf ${HBLU}"[%-37s] ðŸ• \r"$(NC) "Compiling $(notdir $@)"
	$(CC) -g $(CFLAGS) ${INCLUDES} -c $< -o $@
	

obj/src/destructors.o: src/destructors.c include/minishell.h include/dictionary.h include/parsing.h include/execute.h
#  Implicit rule search has been done.
#  Implicit/static pattern stem: `src/destructors'
#  Last modified 2023-05-24 00:01:42
#  File has been updated.
#  Successfully updated.
# variable set hash-table stats:
# Load=0/32=0%, Rehash=0, Collisions=0/0=0%
#  commands to execute (from `Makefile', line 52):
	mkdir -p $(dir $@)
	printf ${HBLU}"[%-37s] ðŸ• \r"$(NC) "Compiling $(notdir $@)"
	$(CC) -g $(CFLAGS) ${INCLUDES} -c $< -o $@
	

# Not a target:
src/executer/and_executer.c:
#  Implicit rule search has been done.
#  Last modified 2023-05-23 23:09:35
#  File has been updated.
#  Successfully updated.
# variable set hash-table stats:
# Load=0/32=0%, Rehash=0, Collisions=0/0=0%

.SILENT: all re fclean clean obj/src/minishell.o obj/src/execute_line.o obj/src/wild_cards.o obj/src/read_line.o obj/src/free_line.o obj/src/destructors.o obj/src/cd.o obj/src/expand_line.o obj/src/pwd.o obj/src/export.o obj/src/tt_unset.o obj/src/tools.o obj/src/tools2.o obj/src/getters_setters.o obj/src/expender.o obj/src/complete_line.o obj/src/constructors.o obj/src/echo.o obj/src/controll_line.o obj/src/parsing_tools/parsing_tools.o obj/src/parsing_tools/ft_split_char.o obj/src/parsing/and_parser.o obj/src/parsing/builtins_parser.o obj/src/parsing/cmds_parser.o obj/src/parsing/executable_parser.o obj/src/parsing/or_parser.o obj/src/parsing/parenthisise_controll.o obj/src/parsing/parsing_tools.o obj/src/parsing/pipe_parser.o obj/src/parsing/parse_line.o obj/src/parsing/redirections_parser_tools.o obj/src/parsing/redirections_parser.o obj/src/executer/and_executer.o obj/src/executer/cmd_executer.o obj/src/executer/or_executer.o obj/src/executer/pipe_executer.o obj/src/executer/redir_executer.o obj/src/executer/builtin_executer.o obj/src/tokenizer/arguments_controll.o obj/src/tokenizer/get_arguments.o obj/src/tokenizer/variables_controll.o obj/src/tokenizer/ft_split_str_to_args.o obj/src/tokenizer/translate_arguments.o minishell
#  Implicit rule search has not been done.
#  Modification time never checked.
#  File has not been updated.

obj/src/minishell.o: src/minishell.c include/minishell.h include/dictionary.h include/parsing.h include/execute.h
#  Implicit rule search has been done.
#  Implicit/static pattern stem: `src/minishell'
#  Last modified 2023-05-24 00:01:42
#  File has been updated.
#  Successfully updated.
# variable set hash-table stats:
# Load=0/32=0%, Rehash=0, Collisions=0/0=0%
#  commands to execute (from `Makefile', line 52):
	mkdir -p $(dir $@)
	printf ${HBLU}"[%-37s] ðŸ• \r"$(NC) "Compiling $(notdir $@)"
	$(CC) -g $(CFLAGS) ${INCLUDES} -c $< -o $@
	

# Not a target:
include/parsing.h:
#  Implicit rule search has been done.
#  Last modified 2023-05-23 22:26:21
#  File has been updated.
#  Successfully updated.
# variable set hash-table stats:
# Load=0/32=0%, Rehash=0, Collisions=0/0=0%

obj/src/executer/or_executer.o: src/executer/or_executer.c include/minishell.h include/dictionary.h include/parsing.h include/execute.h
#  Implicit rule search has been done.
#  Implicit/static pattern stem: `src/executer/or_executer'
#  Last modified 2023-05-24 00:01:45
#  File has been updated.
#  Successfully updated.
# variable set hash-table stats:
# Load=0/32=0%, Rehash=0, Collisions=0/0=0%
#  commands to execute (from `Makefile', line 52):
	mkdir -p $(dir $@)
	printf ${HBLU}"[%-37s] ðŸ• \r"$(NC) "Compiling $(notdir $@)"
	$(CC) -g $(CFLAGS) ${INCLUDES} -c $< -o $@
	

# Not a target:
src/parsing/or_parser.c:
#  Implicit rule search has been done.
#  Last modified 2023-05-22 09:44:03
#  File has been updated.
#  Successfully updated.
# variable set hash-table stats:
 
# Load=0/32=0%, Rehash=0, Collisions=0/0=0%

# Not a target:
src/getters_setters.c:
#  Implicit rule search has been done.
#  Last modified 2023-05-21 00:41:01
#  File has been updated.
#  Successfully updated.
# variable set hash-table stats:
# Load=0/32=0%, Rehash=0, Collisions=0/0=0%

# Not a target:
.DEFAULT:
#  Implicit rule search has not been done.
#  Modification time never checked.
#  File has not been updated.

obj/src/parsing/parse_line.o: src/parsing/parse_line.c include/minishell.h include/dictionary.h include/parsing.h include/execute.h
#  Implicit rule search has been done.
#  Implicit/static pattern stem: `src/parsing/parse_line'
#  Last modified 2023-05-24 00:01:44
#  File has been updated.
#  Successfully updated.
# variable set hash-table stats:
# Load=0/32=0%, Rehash=0, Collisions=0/0=0%
#  commands to execute (from `Makefile', line 52):
	mkdir -p $(dir $@)
	printf ${HBLU}"[%-37s] ðŸ• \r"$(NC) "Compiling $(notdir $@)"
	$(CC) -g $(CFLAGS) ${INCLUDES} -c $< -o $@
	

obj/src/parsing/parenthisise_controll.o: src/parsing/parenthisise_controll.c include/minishell.h include/dictionary.h include/parsing.h include/execute.h
#  Implicit rule search has been done.
#  Implicit/static pattern stem: `src/parsing/parenthisise_controll'
#  Last modified 2023-05-24 00:01:44
#  File has been updated.
#  Successfully updated.
# variable set hash-table stats:
# Load=0/32=0%, Rehash=0, Collisions=0/0=0%
#  commands to execute (from `Makefile', line 52):
	mkdir -p $(dir $@)
	printf ${HBLU}"[%-37s] ðŸ• \r"$(NC) "Compiling $(notdir $@)"
	$(CC) -g $(CFLAGS) ${INCLUDES} -c $< -o $@
	

# Not a target:
src/executer/builtin_executer.c:
#  Implicit rule search has been done.
#  Last modified 2023-05-23 23:09:12
#  File has been updated.
#  Successfully updated.
# variable set hash-table stats:
# Load=0/32=0%, Rehash=0, Collisions=0/0=0%

# Not a target:
src/constructors.c:
#  Implicit rule search has been done.
#  Last modified 2023-05-22 18:43:32
#  File has been updated.
#  Successfully updated.
# variable set hash-table stats:
# Load=0/32=0%, Rehash=0, Collisions=0/0=0%

# Not a target:
include/execute.h:
#  Implicit rule search has been done.
#  Last modified 2023-05-23 23:09:12
#  File has been updated.
#  Successfully updated.
# variable set hash-table stats:
# Load=0/32=0%, Rehash=0, Collisions=0/0=0%

# Not a target:
src/parsing/redirections_parser.c:
#  Implicit rule search has been done.
#  Last modified 2023-05-22 12:44:50
#  File has been updated.
#  Successfully updated.
# variable set hash-table stats:
# Load=0/32=0%, Rehash=0, Collisions=0/0=0%

obj/src/tokenizer/ft_split_str_to_args.o: src/tokenizer/ft_split_str_to_args.c include/minishell.h include/dictionary.h include/parsing.h include/execute.h
#  Implicit rule search has been done.
#  Implicit/static pattern stem: `src/tokenizer/ft_split_str_to_args'
#  Last modified 2023-05-24 00:01:45
#  File has been updated.
#  Successfully updated.
# variable set hash-table stats:
# Load=0/32=0%, Rehash=0, Collisions=0/0=0%
#  commands to execute (from `Makefile', line 52):
	mkdir -p $(dir $@)
	printf ${HBLU}"[%-37s] ðŸ• \r"$(NC) "Compiling $(notdir $@)"
	$(CC) -g $(CFLAGS) ${INCLUDES} -c $< -o $@
	

re: fclean all
#  Phony target (prerequisite of .PHONY).
#  Implicit rule search has not been done.
#  File does not exist.
#  File has not been updated.

obj/src/parsing/parsing_tools.o: src/parsing/parsing_tools.c include/minishell.h include/dictionary.h include/parsing.h include/execute.h
#  Implicit rule search has been done.
#  Implicit/static pattern stem: `src/parsing/parsing_tools'
#  Last modified 2023-05-24 00:01:44
#  File has been updated.
#  Successfully updated.
# variable set hash-table stats:
# Load=0/32=0%, Rehash=0, Collisions=0/0=0%
#  commands to execute (from `Makefile', line 52):
	mkdir -p $(dir $@)
	printf ${HBLU}"[%-37s] ðŸ• \r"$(NC) "Compiling $(notdir $@)"
	$(CC) -g $(CFLAGS) ${INCLUDES} -c $< -o $@
	

clean:
#  Phony target (prerequisite of .PHONY).
#  Implicit rule search has not been done.
#  File does not exist.
#  File has not been updated.
#  commands to execute (from `Makefile', line 57):
	make clean -C lib/libft
	rm -rf ${OBJ_DIR}
	

# Not a target:
src/read_line.c:
#  Implicit rule search has been done.
#  Last modified 2023-05-22 11:46:38
#  File has been updated.
#  Successfully updated.
# variable set hash-table stats:
# Load=0/32=0%, Rehash=0, Collisions=0/0=0%

# Not a target:
src/pwd.c:
#  Implicit rule search has been done.
#  Last modified 2023-05-21 00:41:01
#  File has been updated.
#  Successfully updated.
# variable set hash-table stats:
# Load=0/32=0%, Rehash=0, Collisions=0/0=0%

# Not a target:
src/cd.c:
#  Implicit rule search has been done.
#  Last modified 2023-05-21 23:01:54
#  File has been updated.
#  Successfully updated.
# variable set hash-table stats:
# Load=0/32=0%, Rehash=0, Collisions=0/0=0%

# Not a target:
src/wild_cards.c:
#  Implicit rule search has been done.
#  Last modified 2023-05-23 23:26:50
#  File has been updated.
#  Successfully updated.
# variable set hash-table stats:
# Load=0/32=0%, Rehash=0, Collisions=0/0=0%

obj/src/complete_line.o: src/complete_line.c include/minishell.h include/dictionary.h include/parsing.h include/execute.h
#  Implicit rule search has been done.
#  Implicit/static pattern stem: `src/complete_line'
#  Last modified 2023-05-24 00:01:43
#  File has been updated.
#  Successfully updated.
# variable set hash-table stats:
# Load=0/32=0%, Rehash=0, Collisions=0/0=0%
#  commands to execute (from `Makefile', line 52):
	mkdir -p $(dir $@)
	printf ${HBLU}"[%-37s] ðŸ• \r"$(NC) "Compiling $(notdir $@)"
	$(CC) -g $(CFLAGS) ${INCLUDES} -c $< -o $@
	

obj/src/free_line.o: src/free_line.c include/minishell.h include/dictionary.h include/parsing.h include/execute.h
#  Implicit rule search has been done.
#  Implicit/static pattern stem: `src/free_line'
#  Last modified 2023-05-24 00:01:42
#  File has been updated.
#  Successfully updated.
# variable set hash-table stats:
# Load=0/32=0%, Rehash=0, Collisions=0/0=0%
#  commands to execute (from `Makefile', line 52):
	mkdir -p $(dir $@)
	printf ${HBLU}"[%-37s] ðŸ• \r"$(NC) "Compiling $(notdir $@)"
	$(CC) -g $(CFLAGS) ${INCLUDES} -c $< -o $@
	

obj/src/tokenizer/variables_controll.o: src/tokenizer/variables_controll.c include/minishell.h include/dictionary.h include/parsing.h include/execute.h
#  Implicit rule search has been done.
#  Implicit/static pattern stem: `src/tokenizer/variables_controll'
#  Last modified 2023-05-24 00:01:45
#  File has been updated.
#  Successfully updated.
# variable set hash-table stats:
# Load=0/32=0%, Rehash=0, Collisions=0/0=0%
#  commands to execute (from `Makefile', line 52):
	mkdir -p $(dir $@)
	printf ${HBLU}"[%-37s] ðŸ• \r"$(NC) "Compiling $(notdir $@)"
	$(CC) -g $(CFLAGS) ${INCLUDES} -c $< -o $@
	

obj/src/parsing/executable_parser.o: src/parsing/executable_parser.c include/minishell.h include/dictionary.h include/parsing.h include/execute.h
#  Implicit rule search has been done.
#  Implicit/static pattern stem: `src/parsing/executable_parser'
#  Last modified 2023-05-24 00:01:44
#  File has been updated.
#  Successfully updated.
# variable set hash-table stats:
# Load=0/32=0%, Rehash=0, Collisions=0/0=0%
#  commands to execute (from `Makefile', line 52):
	mkdir -p $(dir $@)
	printf ${HBLU}"[%-37s] ðŸ• \r"$(NC) "Compiling $(notdir $@)"
	$(CC) -g $(CFLAGS) ${INCLUDES} -c $< -o $@
	

# Not a target:
src/executer/cmd_executer.c:
#  Implicit rule search has been done.
#  Last modified 2023-05-24 00:00:35
#  File has been updated.
#  Successfully updated.
# variable set hash-table stats:
# Load=0/32=0%, Rehash=0, Collisions=0/0=0%

# Not a target:
src/tokenizer/translate_arguments.c:
#  Implicit rule search has been done.
#  Last modified 2023-05-24 00:07:14
#  File has been updated.
#  Successfully updated.
# variable set hash-table stats:
# Load=0/32=0%, Rehash=0, Collisions=0/0=0%

# Not a target:
src/controll_line.c:
#  Implicit rule search has been done.
#  Last modified 2023-05-23 23:16:20
#  File has been updated.
#  Successfully updated.
# variable set hash-table stats:
# Load=0/32=0%, Rehash=0, Collisions=0/0=0%

 
obj/src/tt_unset.o: src/tt_unset.c include/minishell.h include/dictionary.h include/parsing.h include/execute.h
#  Implicit rule search has been done.
#  Implicit/static pattern stem: `src/tt_unset'
#  Last modified 2023-05-24 00:01:43
#  File has been updated.
#  Successfully updated.
# variable set hash-table stats:
# Load=0/32=0%, Rehash=0, Collisions=0/0=0%
#  commands to execute (from `Makefile', line 52):
	mkdir -p $(dir $@)
	printf ${HBLU}"[%-37s] ðŸ• \r"$(NC) "Compiling $(notdir $@)"
	$(CC) -g $(CFLAGS) ${INCLUDES} -c $< -o $@
	

# Not a target:
src/parsing/pipe_parser.c:
#  Implicit rule search has been done.
#  Last modified 2023-05-22 09:44:06
#  File has been updated.
#  Successfully updated.
# variable set hash-table stats:
# Load=0/32=0%, Rehash=0, Collisions=0/0=0%

# Not a target:
src/echo.c:
#  Implicit rule search has been done.
#  Last modified 2023-05-19 13:03:37
#  File has been updated.
#  Successfully updated.
# variable set hash-table stats:
# Load=0/32=0%, Rehash=0, Collisions=0/0=0%

# Not a target:
src/tokenizer/get_arguments.c:
#  Implicit rule search has been done.
#  Last modified 2023-05-23 14:15:56
#  File has been updated.
#  Successfully updated.
# variable set hash-table stats:
# Load=0/32=0%, Rehash=0, Collisions=0/0=0%

obj/src/expender.o: src/expender.c include/minishell.h include/dictionary.h include/parsing.h include/execute.h
#  Implicit rule search has been done.
#  Implicit/static pattern stem: `src/expender'
#  Last modified 2023-05-24 00:01:43
#  File has been updated.
#  Successfully updated.
# variable set hash-table stats:
# Load=0/32=0%, Rehash=0, Collisions=0/0=0%
#  commands to execute (from `Makefile', line 52):
	mkdir -p $(dir $@)
	printf ${HBLU}"[%-37s] ðŸ• \r"$(NC) "Compiling $(notdir $@)"
	$(CC) -g $(CFLAGS) ${INCLUDES} -c $< -o $@
	

obj/src/tools.o: src/tools.c include/minishell.h include/dictionary.h include/parsing.h include/execute.h
#  Implicit rule search has been done.
#  Implicit/static pattern stem: `src/tools'
#  Last modified 2023-05-24 00:01:43
#  File has been updated.
#  Successfully updated.
# variable set hash-table stats:
# Load=0/32=0%, Rehash=0, Collisions=0/0=0%
#  commands to execute (from `Makefile', line 52):
	mkdir -p $(dir $@)
	printf ${HBLU}"[%-37s] ðŸ• \r"$(NC) "Compiling $(notdir $@)"
	$(CC) -g $(CFLAGS) ${INCLUDES} -c $< -o $@
	

# Not a target:
src/export.c:
#  Implicit rule search has been done.
#  Last modified 2023-05-14 11:10:22
#  File has been updated.
#  Successfully updated.
# variable set hash-table stats:
# Load=0/32=0%, Rehash=0, Collisions=0/0=0%

obj/src/getters_setters.o: src/getters_setters.c include/minishell.h include/dictionary.h include/parsing.h include/execute.h
#  Implicit rule search has been done.
#  Implicit/static pattern stem: `src/getters_setters'
#  Last modified 2023-05-24 00:01:43
#  File has been updated.
#  Successfully updated.
# variable set hash-table stats:
# Load=0/32=0%, Rehash=0, Collisions=0/0=0%
#  commands to execute (from `Makefile', line 52):
	mkdir -p $(dir $@)
	printf ${HBLU}"[%-37s] ðŸ• \r"$(NC) "Compiling $(notdir $@)"
	$(CC) -g $(CFLAGS) ${INCLUDES} -c $< -o $@
	

obj/src/executer/redir_executer.o: src/executer/redir_executer.c include/minishell.h include/dictionary.h include/parsing.h include/execute.h
#  Implicit rule search has been done.
#  Implicit/static pattern stem: `src/executer/redir_executer'
#  Last modified 2023-05-24 00:01:45
#  File has been updated.
#  Successfully updated.
# variable set hash-table stats:
# Load=0/32=0%, Rehash=0, Collisions=0/0=0%
#  commands to execute (from `Makefile', line 52):
	mkdir -p $(dir $@)
	printf ${HBLU}"[%-37s] ðŸ• \r"$(NC) "Compiling $(notdir $@)"
	$(CC) -g $(CFLAGS) ${INCLUDES} -c $< -o $@
	

obj/src/parsing/builtins_parser.o: src/parsing/builtins_parser.c include/minishell.h include/dictionary.h include/parsing.h include/execute.h
#  Implicit rule search has been done.
#  Implicit/static pattern stem: `src/parsing/builtins_parser'
#  Last modified 2023-05-24 00:01:44
#  File has been updated.
#  Successfully updated.
# variable set hash-table stats:
# Load=0/32=0%, Rehash=0, Collisions=0/0=0%
#  commands to execute (from `Makefile', line 52):
	mkdir -p $(dir $@)
	printf ${HBLU}"[%-37s] ðŸ• \r"$(NC) "Compiling $(notdir $@)"
	$(CC) -g $(CFLAGS) ${INCLUDES} -c $< -o $@
	

obj/src/executer/builtin_executer.o: src/executer/builtin_executer.c include/minishell.h include/dictionary.h include/parsing.h include/execute.h
#  Implicit rule search has been done.
#  Implicit/static pattern stem: `src/executer/builtin_executer'
#  Last modified 2023-05-24 00:01:45
#  File has been updated.
#  Successfully updated.
# variable set hash-table stats:
# Load=0/32=0%, Rehash=0, Collisions=0/0=0%
#  commands to execute (from `Makefile', line 52):
	mkdir -p $(dir $@)
	printf ${HBLU}"[%-37s] ðŸ• \r"$(NC) "Compiling $(notdir $@)"
	$(CC) -g $(CFLAGS) ${INCLUDES} -c $< -o $@
	

obj/src/executer/and_executer.o: src/executer/and_executer.c include/minishell.h include/dictionary.h include/parsing.h include/execute.h
#  Implicit rule search has been done.
#  Implicit/static pattern stem: `src/executer/and_executer'
#  Last modified 2023-05-24 00:01:44
#  File has been updated.
#  Successfully updated.
# variable set hash-table stats:
# Load=0/32=0%, Rehash=0, Collisions=0/0=0%
#  commands to execute (from `Makefile', line 52):
	mkdir -p $(dir $@)
	printf ${HBLU}"[%-37s] ðŸ• \r"$(NC) "Compiling $(notdir $@)"
	$(CC) -g $(CFLAGS) ${INCLUDES} -c $< -o $@
	

# Not a target:
src/parsing/and_parser.c:
#  Implicit rule search has been done.
#  Last modified 2023-05-22 16:47:30
#  File has been updated.
#  Successfully updated.
# variable set hash-table stats:
# Load=0/32=0%, Rehash=0, Collisions=0/0=0%

# Not a target:
src/tokenizer/arguments_controll.c:
#  Implicit rule search has been done.
#  Last modified 2023-05-23 23:34:34
#  File has been updated.
#  Successfully updated.
# variable set hash-table stats:
# Load=0/32=0%, Rehash=0, Collisions=0/0=0%

# Not a target:
src/parsing/redirections_parser_tools.c:
#  Implicit rule search has been done.
#  Last modified 2023-05-21 00:39:15
#  File has been updated.
#  Successfully updated.
# variable set hash-table stats:
# Load=0/32=0%, Rehash=0, Collisions=0/0=0%

# Not a target:
src/executer/pipe_executer.c:
#  Implicit rule search has been done.
#  Last modified 2023-05-23 23:15:22
#  File has been updated.
#  Successfully updated.
# variable set hash-table stats:
# Load=0/32=0%, Rehash=0, Collisions=0/0=0%

# files hash-table stats:
# Load=100/1024=10%, Rehash=0, Collisions=118/685=17%
# VPATH Search Paths

# No `vpath' search paths.

# No general (`VPATH' variable) search path.

# # of strings in strcache: 1
# # of strcache buffers: 1
# strcache size: total = 4096 / max = 4096 / min = 4096 / avg = 4096
# strcache free: total = 4087 / max = 4087 / min = 4087 / avg = 4087

# Finished Make data base on Wed May 24 00:09:33 2023

 
